<?xml version="1.0" encoding="UTF-8"?>
<!-- Generated by org.testng.reporters.JUnitReportReporter -->
<testsuite hostname="MO-DESKTOP-" failures="0" tests="3" name="webpagestest.clothes_selectiontest" time="41.271" errors="0" timestamp="2022-02-11T23:36:42 EET" skipped="0">
  <testcase classname="webpagestest.clothes_selectiontest" name="addtocarttest" time="7.498"/>
  <system-out/>
  <testcase classname="webpagestest.clothes_selectiontest" name="ProductSelectiontest" time="18.718"/>
  <system-out/>
  <testcase classname="webpagestest.clothes_selectiontest" name="ProductDescriptiontest" time="15.055"/>
  <system-out/>
</testsuite> <!-- webpagestest.clothes_selectiontest -->
