<?xml version="1.0" encoding="UTF-8"?>
<!-- Generated by org.testng.reporters.JUnitReportReporter -->
<testsuite hostname="MO-DESKTOP-" failures="0" tests="1" name="webpagestest.NewTest" time="0.006" errors="0" timestamp="2022-02-13T06:06:05 EET" skipped="0">
  <testcase classname="webpagestest.NewTest" name="f" time="0.006"/>
  <system-out/>
</testsuite> <!-- webpagestest.NewTest -->
