<?xml version="1.0" encoding="UTF-8"?>
<!-- Generated by org.testng.reporters.JUnitReportReporter -->
<testsuite hostname="MO-DESKTOP-" failures="0" tests="3" name="webpagestest.AuthNewUserTest" time="61.336" errors="0" timestamp="2022-02-13T22:56:33 EET" skipped="0">
  <testcase classname="webpagestest.AuthNewUserTest" name="logintest" time="29.976"/>
  <system-out/>
  <testcase classname="webpagestest.AuthNewUserTest" name="emptyentrytest" time="9.033"/>
  <system-out/>
  <testcase classname="webpagestest.AuthNewUserTest" name="invalidentrytest" time="22.327"/>
  <system-out/>
</testsuite> <!-- webpagestest.AuthNewUserTest -->
