<?xml version="1.0" encoding="UTF-8"?>
<!-- Generated by org.testng.reporters.JUnitReportReporter -->
<testsuite hostname="MO-DESKTOP-" failures="0" tests="1" name="webpagestest.createnewaccounttest" time="44.755" errors="0" timestamp="2022-02-13T22:49:56 EET" skipped="0">
  <testcase classname="webpagestest.createnewaccounttest" name="createtest" time="44.755"/>
  <system-out/>
</testsuite> <!-- webpagestest.createnewaccounttest -->
