<?xml version="1.0" encoding="UTF-8"?>
<!-- Generated by org.testng.reporters.JUnitReportReporter -->
<testsuite hostname="MO-DESKTOP-" failures="0" tests="5" name="webpagestest.ClothesSelectiontest" time="74.916" errors="0" timestamp="2022-02-13T23:05:36 EET" skipped="0">
  <testcase classname="webpagestest.ClothesSelectiontest" name="addtocarttest" time="7.865"/>
  <system-out/>
  <testcase classname="webpagestest.ClothesSelectiontest" name="ProductSelectiontest" time="31.850"/>
  <system-out/>
  <testcase classname="webpagestest.ClothesSelectiontest" name="ProductDescriptiontest" time="18.391"/>
  <system-out/>
  <testcase classname="webpagestest.ClothesSelectiontest" name="emptyentrytest" time="12.049"/>
  <system-out/>
  <testcase classname="webpagestest.ClothesSelectiontest" name="invalidentrytest" time="4.761"/>
  <system-out/>
</testsuite> <!-- webpagestest.ClothesSelectiontest -->
