<?xml version="1.0" encoding="UTF-8"?>
<!-- Generated by org.testng.reporters.JUnitReportReporter -->
<testsuite hostname="MO-DESKTOP-" failures="0" tests="3" name="webpagestest.CheckoutProceduretest" time="114.936" errors="0" timestamp="2022-02-13T23:24:48 EET" skipped="0">
  <testcase classname="webpagestest.CheckoutProceduretest" name="checkouttest" time="63.717"/>
  <system-out/>
  <testcase classname="webpagestest.CheckoutProceduretest" name="SubtractQuantitytest" time="40.978"/>
  <system-out/>
  <testcase classname="webpagestest.CheckoutProceduretest" name="orderhistorytest" time="10.241"/>
  <system-out/>
</testsuite> <!-- webpagestest.CheckoutProceduretest -->
